0 0111111 || 0111111 || 1
  ■ ■ ■       ■ ■ ■  
■       ■   ■       ■
■       ■   ■       ■
■       ■   ■       ■ 
                     
■       ■   ■       ■
■       ■   ■       ■
■       ■   ■       ■ 
  ■ ■ ■       ■ ■ ■  
1 0000110 || 0000110 || 1
                     
        ■           ■
        ■           ■
        ■           ■ 
                     
        ■           ■
        ■           ■
        ■           ■ 
                     
2 1011011 || 1011011 || 1
  ■ ■ ■       ■ ■ ■  
        ■           ■
        ■           ■
        ■           ■ 
  ■ ■ ■       ■ ■ ■  
■           ■        
■           ■        
■           ■         
  ■ ■ ■       ■ ■ ■  
3 1001111 || 1001111 || 1
  ■ ■ ■       ■ ■ ■  
        ■           ■
        ■           ■
        ■           ■ 
  ■ ■ ■       ■ ■ ■  
        ■           ■
        ■           ■
        ■           ■ 
  ■ ■ ■       ■ ■ ■  
4 1100110 || 1100110 || 1
                     
■       ■   ■       ■
■       ■   ■       ■
■       ■   ■       ■ 
  ■ ■ ■       ■ ■ ■  
        ■           ■
        ■           ■
        ■           ■ 
                     
5 1101101 || 1101101 || 1
  ■ ■ ■       ■ ■ ■  
■           ■        
■           ■        
■           ■         
  ■ ■ ■       ■ ■ ■  
        ■           ■
        ■           ■
        ■           ■ 
  ■ ■ ■       ■ ■ ■  
6 1111101 || 1111101 || 1
  ■ ■ ■       ■ ■ ■  
■           ■        
■           ■        
■           ■         
  ■ ■ ■       ■ ■ ■  
■       ■   ■       ■
■       ■   ■       ■
■       ■   ■       ■ 
  ■ ■ ■       ■ ■ ■  
7 0000111 || 0000111 || 1
  ■ ■ ■       ■ ■ ■  
        ■           ■
        ■           ■
        ■           ■ 
                     
        ■           ■
        ■           ■
        ■           ■ 
                     
8 1111111 || 1111111 || 1
  ■ ■ ■       ■ ■ ■  
■       ■   ■       ■
■       ■   ■       ■
■       ■   ■       ■ 
  ■ ■ ■       ■ ■ ■  
■       ■   ■       ■
■       ■   ■       ■
■       ■   ■       ■ 
  ■ ■ ■       ■ ■ ■  
9 1101111 || 1101111 || 1
  ■ ■ ■       ■ ■ ■  
■       ■   ■       ■
■       ■   ■       ■
■       ■   ■       ■ 
  ■ ■ ■       ■ ■ ■  
        ■           ■
        ■           ■
        ■           ■ 
  ■ ■ ■       ■ ■ ■  
a 1110111 || 1110111 || 1
  ■ ■ ■       ■ ■ ■  
■       ■   ■       ■
■       ■   ■       ■
■       ■   ■       ■ 
  ■ ■ ■       ■ ■ ■  
■       ■   ■       ■
■       ■   ■       ■
■       ■   ■       ■ 
                     
b 1111100 || 1111100 || 1
                     
■           ■        
■           ■        
■           ■         
  ■ ■ ■       ■ ■ ■  
■       ■   ■       ■
■       ■   ■       ■
■       ■   ■       ■ 
  ■ ■ ■       ■ ■ ■  
c 0111001 || 0111001 || 1
  ■ ■ ■       ■ ■ ■  
■           ■        
■           ■        
■           ■         
                     
■           ■        
■           ■        
■           ■         
  ■ ■ ■       ■ ■ ■  
d 1011110 || 1011110 || 1
                     
        ■           ■
        ■           ■
        ■           ■ 
  ■ ■ ■       ■ ■ ■  
■       ■   ■       ■
■       ■   ■       ■
■       ■   ■       ■ 
  ■ ■ ■       ■ ■ ■  
e 1111001 || 1111001 || 1
  ■ ■ ■       ■ ■ ■  
■           ■        
■           ■        
■           ■         
  ■ ■ ■       ■ ■ ■  
■           ■        
■           ■        
■           ■         
  ■ ■ ■       ■ ■ ■  
f 1110001 || 1110001 || 1
  ■ ■ ■       ■ ■ ■  
■           ■        
■           ■        
■           ■         
  ■ ■ ■       ■ ■ ■  
■           ■        
■           ■        
■           ■         
                     
7 0000111 || 1011110 || 0
  ■ ■ ■              
        ■           ■
        ■           ■
        ■           ■ 
              ■ ■ ■  
        ■   ■       ■
        ■   ■       ■
        ■   ■       ■ 
              ■ ■ ■  
